<?xml version="1.0" encoding="UTF-8"?>
<!-- Generated by org.testng.reporters.JUnitReportReporter -->
<testsuite hostname="admins-MacBook-Pro.local" failures="0" tests="1" name="com.GF.qa.testcase.CustomerLoginTest" time="24.667" errors="0" timestamp="29 Nov 2020 04:02:54 GMT" skipped="0">
  <testcase classname="com.GF.qa.testcase.CustomerLoginTest" name="logotest" time="24.667"/>
</testsuite> <!-- com.GF.qa.testcase.CustomerLoginTest -->
